2020-10-04 00:09:59,580 INFO  [AsyncResolver-bootstrap-executor-0] com.netflix.discovery.shared.resolver.aws.ConfigClusterResolver : Resolving eureka endpoints via configuration
2020-10-04 00:14:17,495 INFO  [main] com.microservice.api.APIGatewayApplication : No active profile set, falling back to default profiles: default
2020-10-04 00:14:20,138 INFO  [main] org.springframework.cloud.context.scope.GenericScope : BeanFactory id=a5298ebb-246f-34e9-a67e-387b86b74cec
2020-10-04 00:14:20,307 INFO  [main] org.springframework.context.support.PostProcessorRegistrationDelegate$BeanPostProcessorChecker : Bean 'org.springframework.cloud.autoconfigure.ConfigurationPropertiesRebinderAutoConfiguration' of type [org.springframework.cloud.autoconfigure.ConfigurationPropertiesRebinderAutoConfiguration$$EnhancerBySpringCGLIB$$2c8001ff] is not eligible for getting processed by all BeanPostProcessors (for example: not eligible for auto-proxying)
2020-10-04 00:14:21,866 WARN  [main] org.springframework.cloud.netflix.archaius.ArchaiusAutoConfiguration : No spring.application.name found, defaulting to 'application'
2020-10-04 00:14:21,875 WARN  [main] com.netflix.config.sources.URLConfigurationSource : No URLs will be polled as dynamic configuration sources.
2020-10-04 00:14:21,876 INFO  [main] com.netflix.config.sources.URLConfigurationSource : To enable URLs as dynamic configuration sources, define System property archaius.configurationSource.additionalUrls or make config.properties available on classpath.
2020-10-04 00:14:21,889 WARN  [main] com.netflix.config.sources.URLConfigurationSource : No URLs will be polled as dynamic configuration sources.
2020-10-04 00:14:21,890 INFO  [main] com.netflix.config.sources.URLConfigurationSource : To enable URLs as dynamic configuration sources, define System property archaius.configurationSource.additionalUrls or make config.properties available on classpath.
2020-10-04 00:14:25,149 INFO  [main] org.springframework.cloud.commons.util.InetUtils : Cannot determine local hostname
2020-10-04 00:14:27,415 INFO  [main] org.springframework.cloud.commons.util.InetUtils : Cannot determine local hostname
2020-10-04 00:14:32,221 INFO  [main] org.springframework.cloud.gateway.route.RouteDefinitionRouteLocator : Loaded RoutePredicateFactory [After]
2020-10-04 00:14:32,222 INFO  [main] org.springframework.cloud.gateway.route.RouteDefinitionRouteLocator : Loaded RoutePredicateFactory [Before]
2020-10-04 00:14:32,222 INFO  [main] org.springframework.cloud.gateway.route.RouteDefinitionRouteLocator : Loaded RoutePredicateFactory [Between]
2020-10-04 00:14:32,222 INFO  [main] org.springframework.cloud.gateway.route.RouteDefinitionRouteLocator : Loaded RoutePredicateFactory [Cookie]
2020-10-04 00:14:32,222 INFO  [main] org.springframework.cloud.gateway.route.RouteDefinitionRouteLocator : Loaded RoutePredicateFactory [Header]
2020-10-04 00:14:32,222 INFO  [main] org.springframework.cloud.gateway.route.RouteDefinitionRouteLocator : Loaded RoutePredicateFactory [Host]
2020-10-04 00:14:32,223 INFO  [main] org.springframework.cloud.gateway.route.RouteDefinitionRouteLocator : Loaded RoutePredicateFactory [Method]
2020-10-04 00:14:32,223 INFO  [main] org.springframework.cloud.gateway.route.RouteDefinitionRouteLocator : Loaded RoutePredicateFactory [Path]
2020-10-04 00:14:32,223 INFO  [main] org.springframework.cloud.gateway.route.RouteDefinitionRouteLocator : Loaded RoutePredicateFactory [Query]
2020-10-04 00:14:32,223 INFO  [main] org.springframework.cloud.gateway.route.RouteDefinitionRouteLocator : Loaded RoutePredicateFactory [ReadBodyPredicateFactory]
2020-10-04 00:14:32,223 INFO  [main] org.springframework.cloud.gateway.route.RouteDefinitionRouteLocator : Loaded RoutePredicateFactory [RemoteAddr]
2020-10-04 00:14:32,223 INFO  [main] org.springframework.cloud.gateway.route.RouteDefinitionRouteLocator : Loaded RoutePredicateFactory [Weight]
2020-10-04 00:14:32,223 INFO  [main] org.springframework.cloud.gateway.route.RouteDefinitionRouteLocator : Loaded RoutePredicateFactory [CloudFoundryRouteService]
2020-10-04 00:14:35,212 INFO  [main] org.springframework.cloud.netflix.eureka.InstanceInfoFactory : Setting initial instance status as: STARTING
2020-10-04 00:14:35,617 INFO  [main] com.netflix.discovery.DiscoveryClient : Initializing Eureka in region us-east-1
2020-10-04 00:14:37,937 INFO  [main] com.netflix.discovery.provider.DiscoveryJerseyProvider : Using JSON encoding codec LegacyJacksonJson
2020-10-04 00:14:37,937 INFO  [main] com.netflix.discovery.provider.DiscoveryJerseyProvider : Using JSON decoding codec LegacyJacksonJson
2020-10-04 00:14:38,343 INFO  [main] com.netflix.discovery.provider.DiscoveryJerseyProvider : Using XML encoding codec XStreamXml
2020-10-04 00:14:38,343 INFO  [main] com.netflix.discovery.provider.DiscoveryJerseyProvider : Using XML decoding codec XStreamXml
2020-10-04 00:14:38,793 INFO  [main] com.netflix.discovery.shared.resolver.aws.ConfigClusterResolver : Resolving eureka endpoints via configuration
2020-10-04 00:14:40,014 INFO  [main] com.netflix.discovery.DiscoveryClient : Disable delta property : false
2020-10-04 00:14:40,015 INFO  [main] com.netflix.discovery.DiscoveryClient : Single vip registry refresh property : null
2020-10-04 00:14:40,015 INFO  [main] com.netflix.discovery.DiscoveryClient : Force full registry fetch : false
2020-10-04 00:14:40,015 INFO  [main] com.netflix.discovery.DiscoveryClient : Application is null : false
2020-10-04 00:14:40,015 INFO  [main] com.netflix.discovery.DiscoveryClient : Registered Applications size is zero : true
2020-10-04 00:14:40,015 INFO  [main] com.netflix.discovery.DiscoveryClient : Application version is -1: true
2020-10-04 00:14:40,015 INFO  [main] com.netflix.discovery.DiscoveryClient : Getting all instance registry info from the eureka server
2020-10-04 00:14:40,352 INFO  [main] com.netflix.discovery.DiscoveryClient : The response status is 200
2020-10-04 00:14:40,357 INFO  [main] com.netflix.discovery.DiscoveryClient : Starting heartbeat executor: renew interval is: 30
2020-10-04 00:14:40,362 INFO  [main] com.netflix.discovery.InstanceInfoReplicator : InstanceInfoReplicator onDemand update allowed rate per min is 4
2020-10-04 00:14:40,375 INFO  [main] com.netflix.discovery.DiscoveryClient : Discovery Client initialized at timestamp 1601750680370 with initial instances count: 4
2020-10-04 00:14:40,385 INFO  [main] org.springframework.cloud.netflix.eureka.serviceregistry.EurekaServiceRegistry : Registering application UNKNOWN with eureka with status UP
2020-10-04 00:14:40,386 INFO  [main] com.netflix.discovery.DiscoveryClient : Saw local status change event StatusChangeEvent [timestamp=1601750680386, current=UP, previous=STARTING]
2020-10-04 00:14:40,403 INFO  [DiscoveryClient-InstanceInfoReplicator-0] com.netflix.discovery.DiscoveryClient : DiscoveryClient_UNKNOWN/localhost:8085: registering service...
2020-10-04 00:14:40,818 INFO  [DiscoveryClient-InstanceInfoReplicator-0] com.netflix.discovery.DiscoveryClient : DiscoveryClient_UNKNOWN/localhost:8085 - registration status: 204
2020-10-04 00:14:43,444 INFO  [main] org.springframework.boot.web.embedded.netty.NettyWebServer : Netty started on port(s): 8085
2020-10-04 00:14:43,445 INFO  [main] org.springframework.cloud.netflix.eureka.serviceregistry.EurekaAutoServiceRegistration : Updating port to 8085
2020-10-04 00:14:43,447 INFO  [main] com.microservice.api.APIGatewayApplication : Started APIGatewayApplication in 35.371 seconds (JVM running for 36.752)
2020-10-04 00:16:52,829 INFO  [main] com.microservice.api.APIGatewayApplication : No active profile set, falling back to default profiles: default
2020-10-04 00:16:54,389 INFO  [main] org.springframework.cloud.context.scope.GenericScope : BeanFactory id=a5298ebb-246f-34e9-a67e-387b86b74cec
2020-10-04 00:16:54,556 INFO  [main] org.springframework.context.support.PostProcessorRegistrationDelegate$BeanPostProcessorChecker : Bean 'org.springframework.cloud.autoconfigure.ConfigurationPropertiesRebinderAutoConfiguration' of type [org.springframework.cloud.autoconfigure.ConfigurationPropertiesRebinderAutoConfiguration$$EnhancerBySpringCGLIB$$56a5114d] is not eligible for getting processed by all BeanPostProcessors (for example: not eligible for auto-proxying)
2020-10-04 00:16:55,951 WARN  [main] org.springframework.cloud.netflix.archaius.ArchaiusAutoConfiguration : No spring.application.name found, defaulting to 'application'
2020-10-04 00:16:55,957 WARN  [main] com.netflix.config.sources.URLConfigurationSource : No URLs will be polled as dynamic configuration sources.
2020-10-04 00:16:55,957 INFO  [main] com.netflix.config.sources.URLConfigurationSource : To enable URLs as dynamic configuration sources, define System property archaius.configurationSource.additionalUrls or make config.properties available on classpath.
2020-10-04 00:16:55,964 WARN  [main] com.netflix.config.sources.URLConfigurationSource : No URLs will be polled as dynamic configuration sources.
2020-10-04 00:16:55,965 INFO  [main] com.netflix.config.sources.URLConfigurationSource : To enable URLs as dynamic configuration sources, define System property archaius.configurationSource.additionalUrls or make config.properties available on classpath.
2020-10-04 00:16:58,987 INFO  [main] org.springframework.cloud.commons.util.InetUtils : Cannot determine local hostname
2020-10-04 00:17:01,161 INFO  [main] org.springframework.cloud.commons.util.InetUtils : Cannot determine local hostname
2020-10-04 00:17:03,707 INFO  [main] org.springframework.cloud.gateway.route.RouteDefinitionRouteLocator : Loaded RoutePredicateFactory [After]
2020-10-04 00:17:03,708 INFO  [main] org.springframework.cloud.gateway.route.RouteDefinitionRouteLocator : Loaded RoutePredicateFactory [Before]
2020-10-04 00:17:03,708 INFO  [main] org.springframework.cloud.gateway.route.RouteDefinitionRouteLocator : Loaded RoutePredicateFactory [Between]
2020-10-04 00:17:03,710 INFO  [main] org.springframework.cloud.gateway.route.RouteDefinitionRouteLocator : Loaded RoutePredicateFactory [Cookie]
2020-10-04 00:17:03,711 INFO  [main] org.springframework.cloud.gateway.route.RouteDefinitionRouteLocator : Loaded RoutePredicateFactory [Header]
2020-10-04 00:17:03,712 INFO  [main] org.springframework.cloud.gateway.route.RouteDefinitionRouteLocator : Loaded RoutePredicateFactory [Host]
2020-10-04 00:17:03,713 INFO  [main] org.springframework.cloud.gateway.route.RouteDefinitionRouteLocator : Loaded RoutePredicateFactory [Method]
2020-10-04 00:17:03,715 INFO  [main] org.springframework.cloud.gateway.route.RouteDefinitionRouteLocator : Loaded RoutePredicateFactory [Path]
2020-10-04 00:17:03,717 INFO  [main] org.springframework.cloud.gateway.route.RouteDefinitionRouteLocator : Loaded RoutePredicateFactory [Query]
2020-10-04 00:17:03,724 INFO  [main] org.springframework.cloud.gateway.route.RouteDefinitionRouteLocator : Loaded RoutePredicateFactory [ReadBodyPredicateFactory]
2020-10-04 00:17:03,728 INFO  [main] org.springframework.cloud.gateway.route.RouteDefinitionRouteLocator : Loaded RoutePredicateFactory [RemoteAddr]
2020-10-04 00:17:03,729 INFO  [main] org.springframework.cloud.gateway.route.RouteDefinitionRouteLocator : Loaded RoutePredicateFactory [Weight]
2020-10-04 00:17:03,729 INFO  [main] org.springframework.cloud.gateway.route.RouteDefinitionRouteLocator : Loaded RoutePredicateFactory [CloudFoundryRouteService]
2020-10-04 00:17:05,562 INFO  [main] org.springframework.cloud.netflix.eureka.InstanceInfoFactory : Setting initial instance status as: STARTING
2020-10-04 00:17:05,685 INFO  [main] com.netflix.discovery.DiscoveryClient : Initializing Eureka in region us-east-1
2020-10-04 00:17:07,004 INFO  [main] com.netflix.discovery.provider.DiscoveryJerseyProvider : Using JSON encoding codec LegacyJacksonJson
2020-10-04 00:17:07,004 INFO  [main] com.netflix.discovery.provider.DiscoveryJerseyProvider : Using JSON decoding codec LegacyJacksonJson
2020-10-04 00:17:07,255 INFO  [main] com.netflix.discovery.provider.DiscoveryJerseyProvider : Using XML encoding codec XStreamXml
2020-10-04 00:17:07,257 INFO  [main] com.netflix.discovery.provider.DiscoveryJerseyProvider : Using XML decoding codec XStreamXml
2020-10-04 00:17:07,810 INFO  [main] com.netflix.discovery.shared.resolver.aws.ConfigClusterResolver : Resolving eureka endpoints via configuration
2020-10-04 00:17:08,729 INFO  [main] com.netflix.discovery.DiscoveryClient : Disable delta property : false
2020-10-04 00:17:08,730 INFO  [main] com.netflix.discovery.DiscoveryClient : Single vip registry refresh property : null
2020-10-04 00:17:08,730 INFO  [main] com.netflix.discovery.DiscoveryClient : Force full registry fetch : false
2020-10-04 00:17:08,730 INFO  [main] com.netflix.discovery.DiscoveryClient : Application is null : false
2020-10-04 00:17:08,730 INFO  [main] com.netflix.discovery.DiscoveryClient : Registered Applications size is zero : true
2020-10-04 00:17:08,730 INFO  [main] com.netflix.discovery.DiscoveryClient : Application version is -1: true
2020-10-04 00:17:08,730 INFO  [main] com.netflix.discovery.DiscoveryClient : Getting all instance registry info from the eureka server
2020-10-04 00:17:09,072 INFO  [main] com.netflix.discovery.DiscoveryClient : The response status is 200
2020-10-04 00:17:09,077 INFO  [main] com.netflix.discovery.DiscoveryClient : Starting heartbeat executor: renew interval is: 30
2020-10-04 00:17:09,082 INFO  [main] com.netflix.discovery.InstanceInfoReplicator : InstanceInfoReplicator onDemand update allowed rate per min is 4
2020-10-04 00:17:09,087 INFO  [main] com.netflix.discovery.DiscoveryClient : Discovery Client initialized at timestamp 1601750829086 with initial instances count: 4
2020-10-04 00:17:09,090 INFO  [main] org.springframework.cloud.netflix.eureka.serviceregistry.EurekaServiceRegistry : Registering application UNKNOWN with eureka with status UP
2020-10-04 00:17:09,091 INFO  [main] com.netflix.discovery.DiscoveryClient : Saw local status change event StatusChangeEvent [timestamp=1601750829091, current=UP, previous=STARTING]
2020-10-04 00:17:09,095 INFO  [DiscoveryClient-InstanceInfoReplicator-0] com.netflix.discovery.DiscoveryClient : DiscoveryClient_UNKNOWN/localhost:8085: registering service...
2020-10-04 00:17:10,158 INFO  [DiscoveryClient-InstanceInfoReplicator-0] com.netflix.discovery.DiscoveryClient : DiscoveryClient_UNKNOWN/localhost:8085 - registration status: 204
2020-10-04 00:17:10,651 INFO  [main] org.springframework.boot.web.embedded.netty.NettyWebServer : Netty started on port(s): 8085
2020-10-04 00:17:10,653 INFO  [main] org.springframework.cloud.netflix.eureka.serviceregistry.EurekaAutoServiceRegistration : Updating port to 8085
2020-10-04 00:17:10,656 INFO  [main] com.microservice.api.APIGatewayApplication : Started APIGatewayApplication in 24.982 seconds (JVM running for 26.247)
